#
# A fatal error has been detected by the Java Runtime Environment:
#
#  EXCEPTION_ACCESS_VIOLATION (0xc0000005) at pc=0x000000005f739178, pid=22700, tid=25916
#
# JRE version: Java(TM) SE Runtime Environment (8.0_20-b26) (build 1.8.0_20-b26)
# Java VM: Java HotSpot(TM) 64-Bit Server VM (25.20-b23 mixed mode windows-amd64 compressed oops)
# Problematic frame:
# V  [jvm.dll+0x129178]
#
# Failed to write core dump. Minidumps are not enabled by default on client versions of Windows
#
# If you would like to submit a bug report, please visit:
#   http://bugreport.sun.com/bugreport/crash.jsp
#

---------------  T H R E A D  ---------------

Current thread (0x0000000002cc6800):  GCTaskThread [stack: 0x0000000012820000,0x0000000012920000] [id=25916]

siginfo: ExceptionCode=0xc0000005, reading address 0xffffffffffffffff

Registers:
RAX=0x0000000012c20000, RBX=0x0000000000004c2d, RCX=0x0000000000000000, RDX=0x0000000000000000
RSP=0x000000001291f5d0, RBP=0x0000000002d96e90, RSI=0x00000000aa10d0b8, RDI=0x0000000000010000
R8 =0x007fffffffbf9080, R9 =0x0000000002d96e90, R10=0x0000000000004c2d, R11=0x00000000a9aa5d08
R12=0x00000000aa10d128, R13=0x0000000000000080, R14=0x00000000aa10cf18, R15=0x0000000000000080
RIP=0x000000005f739178, EFLAGS=0x0000000000010246

Top of Stack: (sp=0x000000001291f5d0)
0x000000001291f5d0:   0000000017f521a8 000000005f713ca6
0x000000001291f5e0:   00000000aa10cf18 00000000aa10cb04
0x000000001291f5f0:   0000000002d96e90 000000005f739293
0x000000001291f600:   0000000000000000 0000000002cc6f70
0x000000001291f610:   0000000002cc5e60 0000000000028c00
0x000000001291f620:   0000000000004c2d 000000005f9e53e0
0x000000001291f630:   0000000002d96e90 00000000c0e1c6f8
0x000000001291f640:   000000005fc32a98 000000005fc32a98
0x000000001291f650:   0001bef800004ae5 0001bef900004ae5
0x000000001291f660:   00000000191fa2b0 00000000c0e1c6f8
0x000000001291f670:   0000000000028c00 000000005f712102
0x000000001291f680:   00000000847853f0 000000005f80cbe3
0x000000001291f690:   0000000000000000 0000000002cc5e60
0x000000001291f6a0:   0000000002cc6f80 0000000002cc6f70
0x000000001291f6b0:   000000005fc32a98 0000000002d96e90
0x000000001291f6c0:   0000000000000000 000000001291f739 

Instructions: (pc=0x000000005f739178)
0x000000005f739158:   05 03 23 6b 00 49 c1 e8 03 49 d3 e8 41 0f b6 c0
0x000000005f739168:   49 c1 e8 06 24 3f 0f b6 d0 48 8b 05 18 23 6b 00
0x000000005f739178:   4a 8b 0c c0 48 0f a3 d1 72 3e 48 8b cf e8 36 1e
0x000000005f739188:   fd ff 84 c0 74 32 48 8b d7 48 8b cd e8 17 eb fc 


Register to memory mapping:

RAX=0x0000000012c20000 is an unknown value
RBX=0x0000000000004c2d is an unknown value
RCX=0x0000000000000000 is an unknown value
RDX=0x0000000000000000 is an unknown value
RSP=0x000000001291f5d0 is an unknown value
RBP=0x0000000002d96e90 is an unknown value
RSI=0x00000000aa10d0b8 is pointing into object: 0x00000000aa10cf18
[Lilog.cplex.CpxNumVar; 
 - klass: 'ilog/cplex/CpxNumVar'[]
 - length: 128
RDI=0x0000000000010000 is an unknown value
R8 =0x007fffffffbf9080 is an unknown value
R9 =0x0000000002d96e90 is an unknown value
R10=0x0000000000004c2d is an unknown value
R11=0x00000000a9aa5d08 is an oop
ilog.cplex.CpxRange 
 - klass: 'ilog/cplex/CpxRange'
R12=0x00000000aa10d128 is an oop
ilog.cplex.CpxRange 
 - klass: 'ilog/cplex/CpxRange'
R13=0x0000000000000080 is an unknown value
R14=0x00000000aa10cf18 is an oop
[Lilog.cplex.CpxNumVar; 
 - klass: 'ilog/cplex/CpxNumVar'[]
 - length: 128
R15=0x0000000000000080 is an unknown value


Stack: [0x0000000012820000,0x0000000012920000],  sp=0x000000001291f5d0,  free space=1021k
Native frames: (J=compiled Java code, j=interpreted, Vv=VM code, C=native code)
V  [jvm.dll+0x129178]
V  [jvm.dll+0x3d53e0]
V  [jvm.dll+0x3d26a1]
V  [jvm.dll+0x3d017e]
V  [jvm.dll+0x283f5a]
C  [msvcr100.dll+0x21d9f]
C  [msvcr100.dll+0x21e3b]
C  [KERNEL32.DLL+0x1842]
C  [ntdll.dll+0x3f9d1]


---------------  P R O C E S S  ---------------

Java Threads: ( => current thread )
  0x0000000019497000 JavaThread "Unknown thread" [_thread_blocked, id=25528, stack(0x000000001af70000,0x000000001b070000)]
  0x00000000199c1000 JavaThread "Unknown thread" [_thread_blocked, id=26900, stack(0x000000001b670000,0x000000001b770000)]
  0x00000000197da800 JavaThread "Unknown thread" [_thread_blocked, id=25444, stack(0x000000001b770000,0x000000001b870000)]
  0x00000000179ac000 JavaThread "Service Thread" daemon [_thread_blocked, id=26232, stack(0x00000000195c0000,0x00000000196c0000)]
  0x000000001795e800 JavaThread "C1 CompilerThread2" daemon [_thread_blocked, id=25532, stack(0x00000000190c0000,0x00000000191c0000)]
  0x000000001795d800 JavaThread "C2 CompilerThread1" daemon [_thread_blocked, id=18372, stack(0x0000000018fc0000,0x00000000190c0000)]
  0x000000001794d000 JavaThread "C2 CompilerThread0" daemon [_thread_blocked, id=26360, stack(0x0000000018ec0000,0x0000000018fc0000)]
  0x0000000017949800 JavaThread "Attach Listener" daemon [_thread_blocked, id=25148, stack(0x0000000018dc0000,0x0000000018ec0000)]
  0x0000000017948000 JavaThread "Signal Dispatcher" daemon [_thread_blocked, id=22600, stack(0x0000000018cc0000,0x0000000018dc0000)]
  0x0000000002d9b800 JavaThread "Finalizer" daemon [_thread_blocked, id=26440, stack(0x0000000018bc0000,0x0000000018cc0000)]
  0x0000000002d9a000 JavaThread "Reference Handler" daemon [_thread_blocked, id=25672, stack(0x0000000018ac0000,0x0000000018bc0000)]
  0x0000000002cb0800 JavaThread "main" [_thread_in_native, id=25820, stack(0x00000000028d0000,0x00000000029d0000)]

Other Threads:
  0x0000000017916000 VMThread [stack: 0x00000000189c0000,0x0000000018ac0000] [id=25964]
  0x00000000179ac800 WatcherThread [stack: 0x00000000196c0000,0x00000000197c0000] [id=27188]

=>0x0000000002cc6800 (exited) GCTaskThread [stack: 0x0000000012820000,0x0000000012920000] [id=25916]

VM state:at safepoint (normal execution)

VM Mutex/Monitor currently owned by a thread:  ([mutex/lock_event])
[0x0000000000f4c110] Threads_lock - owner thread: 0x0000000017916000
[0x0000000000f4c410] Heap_lock - owner thread: 0x00000000199c1000

Heap:
 PSYoungGen      total 455680K, used 224768K [0x00000000d5a00000, 0x0000000100000000, 0x0000000100000000)
  eden space 224768K, 100% used [0x00000000d5a00000,0x00000000e3580000,0x00000000e3580000)
  from space 230912K, 0% used [0x00000000e3580000,0x00000000e3580000,0x00000000f1700000)
  to   space 231424K, 0% used [0x00000000f1e00000,0x00000000f1e00000,0x0000000100000000)
 ParOldGen       total 1388544K, used 1388434K [0x0000000080e00000, 0x00000000d5a00000, 0x00000000d5a00000)
  object space 1388544K, 99% used [0x0000000080e00000,0x00000000d59e4970,0x00000000d5a00000)
 Metaspace       used 5021K, capacity 5932K, committed 6016K, reserved 1056768K
  class space    used 564K, capacity 596K, committed 640K, reserved 1048576K

Card table byte_map: [0x0000000012170000,0x0000000012570000] byte_map_base: 0x0000000011d69000

Marking Bits: (ParMarkBitMap*) 0x000000005fdeb460
 Begin Bits: [0x0000000012c20000, 0x0000000014be8000)
 End Bits:   [0x0000000014be8000, 0x0000000016bb0000)

Polling page: 0x0000000000f30000

CodeCache: size=245760Kb used=4267Kb max_used=4275Kb free=241492Kb
 bounds [0x0000000002db0000, 0x00000000031f0000, 0x0000000011db0000]
 total_blobs=996 nmethods=581 adapters=329
 compilation: enabled

Compilation events (10 events):
Event: 47.732 Thread 0x000000001794d000 nmethod 578 0x000000000314f410 code [0x000000000314f560, 0x000000000314fa68]
Event: 47.947 Thread 0x000000001795d800 nmethod 579 0x00000000030b4090 code [0x00000000030b42e0, 0x00000000030b5f08]
Event: 48.593 Thread 0x000000001795e800  580   !   3       java.lang.ref.Finalizer::add (41 bytes)
Event: 48.594 Thread 0x000000001795e800 nmethod 580 0x0000000003011690 code [0x0000000003011800, 0x0000000003011bb0]
Event: 244.151 Thread 0x000000001795e800  581       3       sun.nio.cs.SingleByte$Encoder::encode (32 bytes)
Event: 244.151 Thread 0x000000001795e800 nmethod 581 0x00000000030111d0 code [0x0000000003011340, 0x0000000003011550]
Event: 607.694 Thread 0x000000001795e800  582       3       java.nio.ByteBuffer::arrayOffset (35 bytes)
Event: 607.959 Thread 0x000000001795e800 nmethod 582 0x0000000003150c90 code [0x0000000003150e20, 0x0000000003151118]
Event: 757.769 Thread 0x000000001795e800  583       3       java.nio.CharBuffer::arrayOffset (35 bytes)
Event: 757.770 Thread 0x000000001795e800 nmethod 583 0x00000000031506d0 code [0x0000000003150860, 0x0000000003150b58]

GC Heap History (10 events):
Event: 29.071 GC heap after
Heap after GC invocations=26 (full 6):
 PSYoungGen      total 448512K, used 122144K [0x00000000d5a00000, 0x00000000ff880000, 0x0000000100000000)
  eden space 224768K, 0% used [0x00000000d5a00000,0x00000000d5a00000,0x00000000e3580000)
  from space 223744K, 54% used [0x00000000f1e00000,0x00000000f9548000,0x00000000ff880000)
  to   space 230912K, 0% used [0x00000000e3580000,0x00000000e3580000,0x00000000f1700000)
 ParOldGen       total 1388544K, used 1175527K [0x0000000080e00000, 0x00000000d5a00000, 0x00000000d5a00000)
  object space 1388544K, 84% used [0x0000000080e00000,0x00000000c89f9f40,0x00000000d5a00000)
 Metaspace       used 5008K, capacity 5932K, committed 6016K, reserved 1056768K
  class space    used 563K, capacity 596K, committed 640K, reserved 1048576K
}
Event: 29.968 GC heap before
{Heap before GC invocations=27 (full 6):
 PSYoungGen      total 448512K, used 346912K [0x00000000d5a00000, 0x00000000ff880000, 0x0000000100000000)
  eden space 224768K, 100% used [0x00000000d5a00000,0x00000000e3580000,0x00000000e3580000)
  from space 223744K, 54% used [0x00000000f1e00000,0x00000000f9548000,0x00000000ff880000)
  to   space 230912K, 0% used [0x00000000e3580000,0x00000000e3580000,0x00000000f1700000)
 ParOldGen       total 1388544K, used 1175527K [0x0000000080e00000, 0x00000000d5a00000, 0x00000000d5a00000)
  object space 1388544K, 84% used [0x0000000080e00000,0x00000000c89f9f40,0x00000000d5a00000)
 Metaspace       used 5008K, capacity 5932K, committed 6016K, reserved 1056768K
  class space    used 563K, capacity 596K, committed 640K, reserved 1048576K
Event: 30.123 GC heap after
Heap after GC invocations=27 (full 6):
 PSYoungGen      total 455680K, used 230912K [0x00000000d5a00000, 0x0000000100000000, 0x0000000100000000)
  eden space 224768K, 0% used [0x00000000d5a00000,0x00000000d5a00000,0x00000000e3580000)
  from space 230912K, 100% used [0x00000000e3580000,0x00000000f1700000,0x00000000f1700000)
  to   space 231424K, 0% used [0x00000000f1e00000,0x00000000f1e00000,0x0000000100000000)
 ParOldGen       total 1388544K, used 1204303K [0x0000000080e00000, 0x00000000d5a00000, 0x00000000d5a00000)
  object space 1388544K, 86% used [0x0000000080e00000,0x00000000ca613f40,0x00000000d5a00000)
 Metaspace       used 5008K, capacity 5932K, committed 6016K, reserved 1056768K
  class space    used 563K, capacity 596K, committed 640K, reserved 1048576K
}
Event: 30.988 GC heap before
{Heap before GC invocations=28 (full 6):
 PSYoungGen      total 455680K, used 455680K [0x00000000d5a00000, 0x0000000100000000, 0x0000000100000000)
  eden space 224768K, 100% used [0x00000000d5a00000,0x00000000e3580000,0x00000000e3580000)
  from space 230912K, 100% used [0x00000000e3580000,0x00000000f1700000,0x00000000f1700000)
  to   space 231424K, 0% used [0x00000000f1e00000,0x00000000f1e00000,0x0000000100000000)
 ParOldGen       total 1388544K, used 1204303K [0x0000000080e00000, 0x00000000d5a00000, 0x00000000d5a00000)
  object space 1388544K, 86% used [0x0000000080e00000,0x00000000ca613f40,0x00000000d5a00000)
 Metaspace       used 5008K, capacity 5932K, committed 6016K, reserved 1056768K
  class space    used 563K, capacity 596K, committed 640K, reserved 1048576K
Event: 31.559 GC heap after
Heap after GC invocations=28 (full 6):
 PSYoungGen      total 455680K, used 455680K [0x00000000d5a00000, 0x0000000100000000, 0x0000000100000000)
  eden space 224768K, 100% used [0x00000000d5a00000,0x00000000e3580000,0x00000000e3580000)
  from space 230912K, 100% used [0x00000000e3580000,0x00000000f1700000,0x00000000f1700000)
  to   space 231424K, 60% used [0x00000000f1e00000,0x00000000fa6a8020,0x0000000100000000)
 ParOldGen       total 1388544K, used 1388543K [0x0000000080e00000, 0x00000000d5a00000, 0x00000000d5a00000)
  object space 1388544K, 99% used [0x0000000080e00000,0x00000000d59fff40,0x00000000d5a00000)
 Metaspace       used 5008K, capacity 5932K, committed 6016K, reserved 1056768K
  class space    used 563K, capacity 596K, committed 640K, reserved 1048576K
}
Event: 31.559 GC heap before
{Heap before GC invocations=29 (full 7):
 PSYoungGen      total 455680K, used 455680K [0x00000000d5a00000, 0x0000000100000000, 0x0000000100000000)
  eden space 224768K, 100% used [0x00000000d5a00000,0x00000000e3580000,0x00000000e3580000)
  from space 230912K, 100% used [0x00000000e3580000,0x00000000f1700000,0x00000000f1700000)
  to   space 231424K, 60% used [0x00000000f1e00000,0x00000000fa6a8020,0x0000000100000000)
 ParOldGen       total 1388544K, used 1388543K [0x0000000080e00000, 0x00000000d5a00000, 0x00000000d5a00000)
  object space 1388544K, 99% used [0x0000000080e00000,0x00000000d59fff40,0x00000000d5a00000)
 Metaspace       used 5008K, capacity 5932K, committed 6016K, reserved 1056768K
  class space    used 563K, capacity 596K, committed 640K, reserved 1048576K
Event: 36.881 GC heap after
Heap after GC invocations=29 (full 7):
 PSYoungGen      total 455680K, used 176372K [0x00000000d5a00000, 0x0000000100000000, 0x0000000100000000)
  eden space 224768K, 0% used [0x00000000d5a00000,0x00000000d5a00000,0x00000000e3580000)
  from space 230912K, 76% used [0x00000000e3580000,0x00000000ee1bd330,0x00000000f1700000)
  to   space 231424K, 0% used [0x00000000f1e00000,0x00000000f1e00000,0x0000000100000000)
 ParOldGen       total 1388544K, used 1388434K [0x0000000080e00000, 0x00000000d5a00000, 0x00000000d5a00000)
  object space 1388544K, 99% used [0x0000000080e00000,0x00000000d59e4970,0x00000000d5a00000)
 Metaspace       used 5008K, capacity 5932K, committed 6016K, reserved 1056768K
  class space    used 563K, capacity 596K, committed 640K, reserved 1048576K
}
Event: 46.058 GC heap before
{Heap before GC invocations=30 (full 8):
 PSYoungGen      total 455680K, used 401140K [0x00000000d5a00000, 0x0000000100000000, 0x0000000100000000)
  eden space 224768K, 100% used [0x00000000d5a00000,0x00000000e3580000,0x00000000e3580000)
  from space 230912K, 76% used [0x00000000e3580000,0x00000000ee1bd330,0x00000000f1700000)
  to   space 231424K, 0% used [0x00000000f1e00000,0x00000000f1e00000,0x0000000100000000)
 ParOldGen       total 1388544K, used 1388434K [0x0000000080e00000, 0x00000000d5a00000, 0x00000000d5a00000)
  object space 1388544K, 99% used [0x0000000080e00000,0x00000000d59e4970,0x00000000d5a00000)
 Metaspace       used 5009K, capacity 5932K, committed 6016K, reserved 1056768K
  class space    used 563K, capacity 596K, committed 640K, reserved 1048576K
Event: 47.382 GC heap after
Heap after GC invocations=30 (full 8):
 PSYoungGen      total 455680K, used 194996K [0x00000000d5a00000, 0x0000000100000000, 0x0000000100000000)
  eden space 224768K, 86% used [0x00000000d5a00000,0x00000000e186d208,0x00000000e3580000)
  from space 230912K, 0% used [0x00000000e3580000,0x00000000e3580000,0x00000000f1700000)
  to   space 231424K, 0% used [0x00000000f1e00000,0x00000000f1e00000,0x0000000100000000)
 ParOldGen       total 1388544K, used 1388434K [0x0000000080e00000, 0x00000000d5a00000, 0x00000000d5a00000)
  object space 1388544K, 99% used [0x0000000080e00000,0x00000000d59e4970,0x00000000d5a00000)
 Metaspace       used 5009K, capacity 5932K, committed 6016K, reserved 1056768K
  class space    used 563K, capacity 596K, committed 640K, reserved 1048576K
}
Event: 770.963 GC heap before
{Heap before GC invocations=31 (full 9):
 PSYoungGen      total 455680K, used 224768K [0x00000000d5a00000, 0x0000000100000000, 0x0000000100000000)
  eden space 224768K, 100% used [0x00000000d5a00000,0x00000000e3580000,0x00000000e3580000)
  from space 230912K, 0% used [0x00000000e3580000,0x00000000e3580000,0x00000000f1700000)
  to   space 231424K, 0% used [0x00000000f1e00000,0x00000000f1e00000,0x0000000100000000)
 ParOldGen       total 1388544K, used 1388434K [0x0000000080e00000, 0x00000000d5a00000, 0x00000000d5a00000)
  object space 1388544K, 99% used [0x0000000080e00000,0x00000000d59e4970,0x00000000d5a00000)
 Metaspace       used 5021K, capacity 5932K, committed 6016K, reserved 1056768K
  class space    used 564K, capacity 596K, committed 640K, reserved 1048576K

Deoptimization events (10 events):
Event: 1.449 Thread 0x0000000002cb0800 Uncommon trap: reason=bimorphic action=maybe_recompile pc=0x000000000300e7d8 method=ilog.cplex.CpxSubVar.userInstall(Lilog/cplex/IloCplexModeler;)V @ 52
Event: 1.464 Thread 0x0000000002cb0800 Uncommon trap: reason=unreached action=reinterpret pc=0x0000000002fc3be4 method=ilog.cplex.CplexI.useVars([Lilog/cplex/CpxNumVar;IIZ)V @ 271
Event: 37.125 Thread 0x0000000002cb0800 Uncommon trap: reason=unreached action=reinterpret pc=0x00000000030bf5a4 method=BSCplex.modelCplexConstraints()V @ 1627
Event: 37.155 Thread 0x0000000002cb0800 Uncommon trap: reason=bimorphic action=maybe_recompile pc=0x0000000003008a58 method=ilog.cplex.CpxQextractor.visitLinkedExpr(Lilog/cplex/CpxLinkedExpr;)Ljava/lang/Object; @ 20
Event: 37.184 Thread 0x0000000002cb0800 Uncommon trap: reason=bimorphic action=maybe_recompile pc=0x0000000003008a58 method=ilog.cplex.CpxQextractor.visitLinkedExpr(Lilog/cplex/CpxLinkedExpr;)Ljava/lang/Object; @ 20
Event: 37.215 Thread 0x0000000002cb0800 Uncommon trap: reason=bimorphic action=maybe_recompile pc=0x0000000003008a58 method=ilog.cplex.CpxQextractor.visitLinkedExpr(Lilog/cplex/CpxLinkedExpr;)Ljava/lang/Object; @ 20
Event: 37.229 Thread 0x0000000002cb0800 Uncommon trap: reason=bimorphic action=maybe_recompile pc=0x0000000003008a58 method=ilog.cplex.CpxQextractor.visitLinkedExpr(Lilog/cplex/CpxLinkedExpr;)Ljava/lang/Object; @ 20
Event: 37.404 Thread 0x0000000002cb0800 Uncommon trap: reason=unreached action=reinterpret pc=0x00000000031076d8 method=BSCplex.modelCplexConstraints()V @ 1451
Event: 40.804 Thread 0x0000000002cb0800 Uncommon trap: reason=unreached action=reinterpret pc=0x0000000003147134 method=BSCplex.modelCplexConstraints()V @ 2097
Event: 41.125 Thread 0x0000000002cb0800 Uncommon trap: reason=unreached action=reinterpret pc=0x0000000003153464 method=BSCplex.modelCplexConstraints()V @ 1915

Internal exceptions (10 events):
Event: 0.741 Thread 0x0000000002cb0800 Exception <a 'java/security/PrivilegedActionException'> (0x00000000d6b3eac0) thrown at [D:\re\workspace\8-2-build-windows-amd64-cygwin\jdk8u20\1074\hotspot\src\share\vm\prims\jvm.cpp, line 1275]
Event: 1.153 Thread 0x0000000002cb0800 Exception <a 'java/security/PrivilegedActionException'> (0x00000000d664a610) thrown at [D:\re\workspace\8-2-build-windows-amd64-cygwin\jdk8u20\1074\hotspot\src\share\vm\prims\jvm.cpp, line 1275]
Event: 1.155 Thread 0x0000000002cb0800 Exception <a 'java/security/PrivilegedActionException'> (0x00000000d664e3f8) thrown at [D:\re\workspace\8-2-build-windows-amd64-cygwin\jdk8u20\1074\hotspot\src\share\vm\prims\jvm.cpp, line 1275]
Event: 1.157 Thread 0x0000000002cb0800 Exception <a 'java/security/PrivilegedActionException'> (0x00000000d6652028) thrown at [D:\re\workspace\8-2-build-windows-amd64-cygwin\jdk8u20\1074\hotspot\src\share\vm\prims\jvm.cpp, line 1275]
Event: 1.161 Thread 0x0000000002cb0800 Exception <a 'java/security/PrivilegedActionException'> (0x00000000d665d550) thrown at [D:\re\workspace\8-2-build-windows-amd64-cygwin\jdk8u20\1074\hotspot\src\share\vm\prims\jvm.cpp, line 1275]
Event: 1.163 Thread 0x0000000002cb0800 Exception <a 'java/security/PrivilegedActionException'> (0x00000000d66624d0) thrown at [D:\re\workspace\8-2-build-windows-amd64-cygwin\jdk8u20\1074\hotspot\src\share\vm\prims\jvm.cpp, line 1275]
Event: 1.165 Thread 0x0000000002cb0800 Exception <a 'java/security/PrivilegedActionException'> (0x00000000d6667228) thrown at [D:\re\workspace\8-2-build-windows-amd64-cygwin\jdk8u20\1074\hotspot\src\share\vm\prims\jvm.cpp, line 1275]
Event: 1.166 Thread 0x0000000002cb0800 Exception <a 'java/security/PrivilegedActionException'> (0x00000000d666ab90) thrown at [D:\re\workspace\8-2-build-windows-amd64-cygwin\jdk8u20\1074\hotspot\src\share\vm\prims\jvm.cpp, line 1275]
Event: 48.591 Thread 0x0000000002cb0800 Exception <a 'java/security/PrivilegedActionException'> (0x00000000e29a38f8) thrown at [D:\re\workspace\8-2-build-windows-amd64-cygwin\jdk8u20\1074\hotspot\src\share\vm\prims\jvm.cpp, line 1275]
Event: 48.592 Thread 0x0000000002cb0800 Exception <a 'java/security/PrivilegedActionException'> (0x00000000e29a8ef0) thrown at [D:\re\workspace\8-2-build-windows-amd64-cygwin\jdk8u20\1074\hotspot\src\share\vm\prims\jvm.cpp, line 1275]

Events (10 events):
Event: 407.913 Thread 0x0000000019d74000 Thread added: 0x0000000019d74000
Event: 407.923 Thread 0x0000000019d74800 Thread added: 0x0000000019d74800
Event: 407.923 Thread 0x00000000194d0800 Thread added: 0x00000000194d0800
Event: 528.586 Thread 0x0000000019d74800 Thread exited: 0x0000000019d74800
Event: 528.586 Thread 0x00000000194d0800 Thread exited: 0x00000000194d0800
Event: 528.586 Thread 0x0000000019d74000 Thread exited: 0x0000000019d74000
Event: 770.697 Thread 0x00000000197da800 Thread added: 0x00000000197da800
Event: 770.791 Thread 0x00000000199c1000 Thread added: 0x00000000199c1000
Event: 770.813 Thread 0x0000000019497000 Thread added: 0x0000000019497000
Event: 770.868 Executing VM operation: ParallelGCFailedAllocation


Dynamic libraries:
0x000007f602690000 - 0x000007f6026c4000 	C:\Program Files\Java\jre1.8.0_20\bin\javaw.exe
0x000007fa008a0000 - 0x000007fa00a5e000 	C:\Windows\SYSTEM32\ntdll.dll
0x000007fa00310000 - 0x000007fa00447000 	C:\Windows\system32\KERNEL32.DLL
0x000007f9fd810000 - 0x000007f9fd904000 	C:\Windows\system32\KERNELBASE.dll
0x000007f9fe0e0000 - 0x000007f9fe1be000 	C:\Windows\system32\ADVAPI32.dll
0x000007f9ffef0000 - 0x000007fa0003c000 	C:\Windows\system32\USER32.dll
0x000007f9fb660000 - 0x000007f9fb8ca000 	C:\Windows\WinSxS\amd64_microsoft.windows.common-controls_6595b64144ccf1df_6.0.9200.16579_none_418ab7ef718b27ef\COMCTL32.dll
0x000007f9fde90000 - 0x000007f9fdf35000 	C:\Windows\system32\msvcrt.dll
0x000007fa00450000 - 0x000007fa00498000 	C:\Windows\SYSTEM32\sechost.dll
0x000007f9ff8d0000 - 0x000007f9ffa15000 	C:\Windows\system32\RPCRT4.dll
0x000007f9fe490000 - 0x000007f9fe5d1000 	C:\Windows\system32\GDI32.dll
0x000007f9fe450000 - 0x000007f9fe489000 	C:\Windows\system32\IMM32.DLL
0x000007fa00040000 - 0x000007fa00156000 	C:\Windows\system32\MSCTF.dll
0x000007f9fd6d0000 - 0x000007f9fd702000 	C:\Windows\system32\nvinitx.dll
0x0000000060000000 - 0x00000000600d2000 	C:\Program Files\Java\jre1.8.0_20\bin\msvcr100.dll
0x000000005f610000 - 0x000000005fe68000 	C:\Program Files\Java\jre1.8.0_20\bin\server\jvm.dll
0x000007f9ee6e0000 - 0x000007f9ee6e9000 	C:\Windows\SYSTEM32\WSOCK32.dll
0x000007f9fb620000 - 0x000007f9fb640000 	C:\Windows\SYSTEM32\WINMM.dll
0x000007f9ff8c0000 - 0x000007f9ff8c7000 	C:\Windows\system32\PSAPI.DLL
0x000007f9ffba0000 - 0x000007f9ffbf8000 	C:\Windows\system32\WS2_32.dll
0x000007f9faf30000 - 0x000007f9faf63000 	C:\Windows\SYSTEM32\WINMMBASE.dll
0x000007f9fdca0000 - 0x000007f9fdca9000 	C:\Windows\system32\NSI.dll
0x000007f9fd910000 - 0x000007f9fd95f000 	C:\Windows\SYSTEM32\cfgmgr32.dll
0x000007f9fdbf0000 - 0x000007f9fdc12000 	C:\Windows\system32\DEVOBJ.dll
0x0000000060650000 - 0x000000006065f000 	C:\Program Files\Java\jre1.8.0_20\bin\verify.dll
0x0000000060620000 - 0x0000000060648000 	C:\Program Files\Java\jre1.8.0_20\bin\java.dll
0x0000000060600000 - 0x0000000060616000 	C:\Program Files\Java\jre1.8.0_20\bin\zip.dll
0x000007f9fe5e0000 - 0x000007f9ff8c0000 	C:\Windows\system32\SHELL32.dll
0x000007fa006f0000 - 0x000007fa008a0000 	C:\Windows\SYSTEM32\combase.dll
0x000007f9ffc00000 - 0x000007f9ffc50000 	C:\Windows\system32\SHLWAPI.dll
0x000007f9fc8c0000 - 0x000007f9fc955000 	C:\Windows\SYSTEM32\SHCORE.dll
0x000007f9fd7d0000 - 0x000007f9fd7e5000 	C:\Windows\system32\profapi.dll
0x00000000605e0000 - 0x00000000605fa000 	C:\Program Files\Java\jre1.8.0_20\bin\net.dll
0x000007f9fcf30000 - 0x000007f9fcf8c000 	C:\Windows\system32\mswsock.dll
0x00000000605c0000 - 0x00000000605d1000 	C:\Program Files\Java\jre1.8.0_20\bin\nio.dll
0x000007f9e3050000 - 0x000007f9e4478000 	C:\Program Files\IBM\ILOG\CPLEX_Studio126\cplex\bin\x64_win64\cplex1260remotejni.dll
0x000007f9ee490000 - 0x000007f9ee5f3000 	C:\Windows\SYSTEM32\dbghelp.dll

VM Arguments:
jvm_args: -Dfile.encoding=Cp1252 
java_command: Main
java_class_path (initial): C:\Users\Deniz\workspace\GraduateProject\bin;C:\gurobi563\win64\lib\gurobi.jar;C:\Program Files\IBM\ILOG\CPLEX_Studio126\cplex\lib\cplex.jar
Launcher Type: SUN_STANDARD

Environment Variables:
PATH=C:/Program Files/Java/jre1.8.0_20/bin/server;C:/Program Files/Java/jre1.8.0_20/bin;C:/Program Files/Java/jre1.8.0_20/lib/amd64;C:\Program Files\IBM\ILOG\CPLEX_Studio126\opl\bin\x64_win64;C:\Program Files\IBM\ILOG\CPLEX_Studio126\opl\oplide\;C:\Program Files\IBM\ILOG\CPLEX_Studio126\cplex\bin\x64_win64;C:\Program Files\IBM\ILOG\CPLEX_Studio126\cpoptimizer\bin\x64_win64;C:\gurobi563\win64\bin;C:\ProgramData\Oracle\Java\javapath;C:\Windows\system32;C:\Windows;C:\Windows\System32\Wbem;C:\Windows\System32\WindowsPowerShell\v1.0\;C:\Program Files\Java\jdk1.8.0_20\bin;.;;C:\eclipse;;.;
USERNAME=Deniz
OS=Windows_NT
PROCESSOR_IDENTIFIER=Intel64 Family 6 Model 42 Stepping 7, GenuineIntel



---------------  S Y S T E M  ---------------

OS: Windows 8 , 64 bit Build 9200 

CPU:total 4 (2 cores per cpu, 2 threads per core) family 6 model 42 stepping 7, cmov, cx8, fxsr, mmx, sse, sse2, sse3, ssse3, sse4.1, sse4.2, popcnt, avx, aes, clmul, ht, tsc, tscinvbit

Memory: 4k page, physical 8331116k(3297848k free), swap 18851368k(6938752k free)

vm_info: Java HotSpot(TM) 64-Bit Server VM (25.20-b23) for windows-amd64 JRE (1.8.0_20-b26), built on Jul 30 2014 13:51:23 by "java_re" with MS VC++ 10.0 (VS2010)

time: Sat Oct 25 17:23:50 2014
elapsed time: 813 seconds (0d 0h 13m 33s)

